# JRE version: Java(TM) SE Runtime Environment (17.0.12+8) (build 17.0.12+8-LTS-286)
# Java VM: Java HotSpot(TM) 64-Bit Server VM (17.0.12+8-LTS-286, mixed mode, sharing, tiered, compressed oops, compressed class ptrs, g1 gc, windows-amd64)
GC Precious Log:
 CPUs: 12 total, 12 available
 Memory: 7860M
 Large Page Support: Disabled
 NUMA Support: Disabled
 Compressed Oops: Enabled (32-bit)
 Heap Region Size: 1M
 Heap Min Capacity: 8M
 Heap Initial Capacity: 124M
 Heap Max Capacity: 1966M
 Pre-touch: Disabled
 Parallel Workers: 10
 Concurrent Workers: 3
 Concurrent Refinement Workers: 10
 Periodic GC: Disabled
Heap:
 garbage-first heap   total 126976K, used 55760K [0x0000000085200000, 0x0000000100000000)
  region size 1024K, 4 young (4096K), 4 survivors (4096K)
 Metaspace       used 82642K, committed 83264K, reserved 1179648K
  class space    used 11338K, committed 11648K, reserved 1048576K
GC Heap History (20 events):
Event: 6.697 GC heap after
{Heap after GC invocations=21 (full 0):
 garbage-first heap   total 79872K, used 35485K [0x0000000085200000, 0x0000000100000000)
  region size 1024K, 2 young (2048K), 2 survivors (2048K)
 Metaspace       used 71611K, committed 72256K, reserved 1114112K
  class space    used 9536K, committed 9856K, reserved 1048576K
}
Event: 7.563 GC heap before
{Heap before GC invocations=22 (full 0):
 garbage-first heap   total 79872K, used 65181K [0x0000000085200000, 0x0000000100000000)
  region size 1024K, 31 young (31744K), 2 survivors (2048K)
 Metaspace       used 76457K, committed 77120K, reserved 1179648K
  class space    used 10180K, committed 10496K, reserved 1048576K
}
Event: 7.568 GC heap after
{Heap after GC invocations=23 (full 0):
 garbage-first heap   total 79872K, used 37922K [0x0000000085200000, 0x0000000100000000)
  region size 1024K, 4 young (4096K), 4 survivors (4096K)
 Metaspace       used 76457K, committed 77120K, reserved 1179648K
  class space    used 10180K, committed 10496K, reserved 1048576K
}
Event: 7.887 GC heap before
{Heap before GC invocations=23 (full 0):
 garbage-first heap   total 79872K, used 64546K [0x0000000085200000, 0x0000000100000000)
  region size 1024K, 30 young (30720K), 4 survivors (4096K)
 Metaspace       used 79054K, committed 79680K, reserved 1179648K
  class space    used 10649K, committed 10944K, reserved 1048576K
}
Event: 7.892 GC heap after
{Heap after GC invocations=24 (full 0):
 garbage-first heap   total 79872K, used 40134K [0x0000000085200000, 0x0000000100000000)
  region size 1024K, 3 young (3072K), 3 survivors (3072K)
 Metaspace       used 79054K, committed 79680K, reserved 1179648K
  class space    used 10649K, committed 10944K, reserved 1048576K
}
Event: 7.960 GC heap before
{Heap before GC invocations=24 (full 0):
 garbage-first heap   total 79872K, used 63686K [0x0000000085200000, 0x0000000100000000)
  region size 1024K, 26 young (26624K), 3 survivors (3072K)
 Metaspace       used 79091K, committed 79744K, reserved 1179648K
  class space    used 10654K, committed 10944K, reserved 1048576K
}
Event: 7.964 GC heap after
{Heap after GC invocations=25 (full 0):
 garbage-first heap   total 79872K, used 44251K [0x0000000085200000, 0x0000000100000000)
  region size 1024K, 4 young (4096K), 4 survivors (4096K)
 Metaspace       used 79091K, committed 79744K, reserved 1179648K
  class space    used 10654K, committed 10944K, reserved 1048576K
}
Event: 8.098 GC heap before
{Heap before GC invocations=26 (full 0):
 garbage-first heap   total 81920K, used 63707K [0x0000000085200000, 0x0000000100000000)
  region size 1024K, 23 young (23552K), 4 survivors (4096K)
 Metaspace       used 79988K, committed 80576K, reserved 1179648K
  class space    used 10798K, committed 11072K, reserved 1048576K
}
Event: 8.101 GC heap after
{Heap after GC invocations=27 (full 0):
 garbage-first heap   total 81920K, used 46061K [0x0000000085200000, 0x0000000100000000)
  region size 1024K, 2 young (2048K), 2 survivors (2048K)
 Metaspace       used 79988K, committed 80576K, reserved 1179648K
  class space    used 10798K, committed 11072K, reserved 1048576K
}
Event: 8.177 GC heap before
{Heap before GC invocations=27 (full 0):
 garbage-first heap   total 81920K, used 65517K [0x0000000085200000, 0x0000000100000000)
  region size 1024K, 21 young (21504K), 2 survivors (2048K)
 Metaspace       used 80797K, committed 81408K, reserved 1179648K
  class space    used 11031K, committed 11328K, reserved 1048576K
}
Event: 8.179 GC heap after
{Heap after GC invocations=28 (full 0):
 garbage-first heap   total 81920K, used 46272K [0x0000000085200000, 0x0000000100000000)
  region size 1024K, 2 young (2048K), 2 survivors (2048K)
 Metaspace       used 80797K, committed 81408K, reserved 1179648K
  class space    used 11031K, committed 11328K, reserved 1048576K
}
Event: 8.263 GC heap before
{Heap before GC invocations=29 (full 0):
 garbage-first heap   total 96256K, used 66752K [0x0000000085200000, 0x0000000100000000)
  region size 1024K, 22 young (22528K), 2 survivors (2048K)
 Metaspace       used 80793K, committed 81408K, reserved 1179648K
  class space    used 11029K, committed 11328K, reserved 1048576K
}
Event: 8.265 GC heap after
{Heap after GC invocations=30 (full 0):
 garbage-first heap   total 115712K, used 46472K [0x0000000085200000, 0x0000000100000000)
  region size 1024K, 1 young (1024K), 1 survivors (1024K)
 Metaspace       used 80793K, committed 81408K, reserved 1179648K
  class space    used 11029K, committed 11328K, reserved 1048576K
}
Event: 8.275 GC heap before
{Heap before GC invocations=30 (full 0):
 garbage-first heap   total 115712K, used 50568K [0x0000000085200000, 0x0000000100000000)
  region size 1024K, 5 young (5120K), 1 survivors (1024K)
 Metaspace       used 80795K, committed 81408K, reserved 1179648K
  class space    used 11029K, committed 11328K, reserved 1048576K
}
Event: 8.278 GC heap after
{Heap after GC invocations=31 (full 0):
 garbage-first heap   total 115712K, used 47207K [0x0000000085200000, 0x0000000100000000)
  region size 1024K, 1 young (1024K), 1 survivors (1024K)
 Metaspace       used 80795K, committed 81408K, reserved 1179648K
  class space    used 11029K, committed 11328K, reserved 1048576K
}
Event: 8.446 GC heap before
{Heap before GC invocations=31 (full 0):
 garbage-first heap   total 115712K, used 91239K [0x0000000085200000, 0x0000000100000000)
  region size 1024K, 45 young (46080K), 1 survivors (1024K)
 Metaspace       used 82192K, committed 82816K, reserved 1179648K
  class space    used 11210K, committed 11520K, reserved 1048576K
}
Event: 8.452 GC heap after
{Heap after GC invocations=32 (full 0):
 garbage-first heap   total 115712K, used 52162K [0x0000000085200000, 0x0000000100000000)
  region size 1024K, 6 young (6144K), 6 survivors (6144K)
 Metaspace       used 82192K, committed 82816K, reserved 1179648K
  class space    used 11210K, committed 11520K, reserved 1048576K
}
Event: 8.564 GC heap before
{Heap before GC invocations=32 (full 0):
 garbage-first heap   total 115712K, used 90050K [0x0000000085200000, 0x0000000100000000)
  region size 1024K, 43 young (44032K), 6 survivors (6144K)
 Metaspace       used 82488K, committed 83136K, reserved 1179648K
  class space    used 11303K, committed 11584K, reserved 1048576K
}
Event: 8.568 GC heap after
{Heap after GC invocations=33 (full 0):
 garbage-first heap   total 115712K, used 53187K [0x0000000085200000, 0x0000000100000000)
  region size 1024K, 2 young (2048K), 2 survivors (2048K)
 Metaspace       used 82488K, committed 83136K, reserved 1179648K
  class space    used 11303K, committed 11584K, reserved 1048576K
}
Event: 8.663 GC heap before
{Heap before GC invocations=33 (full 0):
 garbage-first heap   total 115712K, used 91075K [0x0000000085200000, 0x0000000100000000)
  region size 1024K, 39 young (39936K), 2 survivors (2048K)
 Metaspace       used 82642K, committed 83264K, reserved 1179648K
  class space    used 11338K, committed 11648K, reserved 1048576K
}

