# JRE version: Java(TM) SE Runtime Environment (17.0.12+8) (build 17.0.12+8-LTS-286)
# Java VM: Java HotSpot(TM) 64-Bit Server VM (17.0.12+8-LTS-286, mixed mode, sharing, tiered, compressed oops, compressed class ptrs, g1 gc, windows-amd64)
GC Precious Log:
 CPUs: 12 total, 12 available
 Memory: 7860M
 Large Page Support: Disabled
 NUMA Support: Disabled
 Compressed Oops: Enabled (32-bit)
 Heap Region Size: 1M
 Heap Min Capacity: 8M
 Heap Initial Capacity: 124M
 Heap Max Capacity: 1966M
 Pre-touch: Disabled
 Parallel Workers: 10
 Concurrent Workers: 3
 Concurrent Refinement Workers: 10
 Periodic GC: Disabled
Heap:
 garbage-first heap   total 226304K, used 130120K [0x0000000085200000, 0x0000000100000000)
  region size 1024K, 50 young (51200K), 4 survivors (4096K)
 Metaspace       used 106302K, committed 107712K, reserved 1179648K
  class space    used 14080K, committed 14784K, reserved 1048576K
GC Heap History (20 events):
Event: 8.832 GC heap before
{Heap before GC invocations=29 (full 0):
 garbage-first heap   total 145408K, used 114863K [0x0000000085200000, 0x0000000100000000)
  region size 1024K, 55 young (56320K), 6 survivors (6144K)
 Metaspace       used 81364K, committed 81920K, reserved 1179648K
  class space    used 11133K, committed 11392K, reserved 1048576K
}
Event: 8.834 GC heap after
{Heap after GC invocations=30 (full 0):
 garbage-first heap   total 226304K, used 62972K [0x0000000085200000, 0x0000000100000000)
  region size 1024K, 2 young (2048K), 2 survivors (2048K)
 Metaspace       used 81364K, committed 81920K, reserved 1179648K
  class space    used 11133K, committed 11392K, reserved 1048576K
}
Event: 10.924 GC heap before
{Heap before GC invocations=30 (full 0):
 garbage-first heap   total 226304K, used 176636K [0x0000000085200000, 0x0000000100000000)
  region size 1024K, 114 young (116736K), 2 survivors (2048K)
 Metaspace       used 89342K, committed 90048K, reserved 1179648K
  class space    used 12135K, committed 12480K, reserved 1048576K
}
Event: 10.932 GC heap after
{Heap after GC invocations=31 (full 0):
 garbage-first heap   total 226304K, used 70960K [0x0000000085200000, 0x0000000100000000)
  region size 1024K, 9 young (9216K), 9 survivors (9216K)
 Metaspace       used 89342K, committed 90048K, reserved 1179648K
  class space    used 12135K, committed 12480K, reserved 1048576K
}
Event: 21.774 GC heap before
{Heap before GC invocations=31 (full 0):
 garbage-first heap   total 226304K, used 174384K [0x0000000085200000, 0x0000000100000000)
  region size 1024K, 111 young (113664K), 9 survivors (9216K)
 Metaspace       used 99814K, committed 100928K, reserved 1179648K
  class space    used 13531K, committed 14080K, reserved 1048576K
}
Event: 21.828 GC heap after
{Heap after GC invocations=32 (full 0):
 garbage-first heap   total 226304K, used 81607K [0x0000000085200000, 0x0000000100000000)
  region size 1024K, 11 young (11264K), 11 survivors (11264K)
 Metaspace       used 99814K, committed 100928K, reserved 1179648K
  class space    used 13531K, committed 14080K, reserved 1048576K
}
Event: 68.174 GC heap before
{Heap before GC invocations=32 (full 0):
 garbage-first heap   total 226304K, used 176839K [0x0000000085200000, 0x0000000100000000)
  region size 1024K, 104 young (106496K), 11 survivors (11264K)
 Metaspace       used 102334K, committed 103552K, reserved 1179648K
  class space    used 13787K, committed 14336K, reserved 1048576K
}
Event: 68.188 GC heap after
{Heap after GC invocations=33 (full 0):
 garbage-first heap   total 226304K, used 83198K [0x0000000085200000, 0x0000000100000000)
  region size 1024K, 3 young (3072K), 3 survivors (3072K)
 Metaspace       used 102334K, committed 103552K, reserved 1179648K
  class space    used 13787K, committed 14336K, reserved 1048576K
}
Event: 123.780 GC heap before
{Heap before GC invocations=33 (full 0):
 garbage-first heap   total 226304K, used 181502K [0x0000000085200000, 0x0000000100000000)
  region size 1024K, 99 young (101376K), 3 survivors (3072K)
 Metaspace       used 102852K, committed 104064K, reserved 1179648K
  class space    used 13812K, committed 14400K, reserved 1048576K
}
Event: 123.785 GC heap after
{Heap after GC invocations=34 (full 0):
 garbage-first heap   total 226304K, used 84151K [0x0000000085200000, 0x0000000100000000)
  region size 1024K, 4 young (4096K), 4 survivors (4096K)
 Metaspace       used 102852K, committed 104064K, reserved 1179648K
  class space    used 13812K, committed 14400K, reserved 1048576K
}
Event: 189.046 GC heap before
{Heap before GC invocations=34 (full 0):
 garbage-first heap   total 226304K, used 184503K [0x0000000085200000, 0x0000000100000000)
  region size 1024K, 102 young (104448K), 4 survivors (4096K)
 Metaspace       used 102973K, committed 104192K, reserved 1179648K
  class space    used 13812K, committed 14400K, reserved 1048576K
}
Event: 189.049 GC heap after
{Heap after GC invocations=35 (full 0):
 garbage-first heap   total 226304K, used 83676K [0x0000000085200000, 0x0000000100000000)
  region size 1024K, 4 young (4096K), 4 survivors (4096K)
 Metaspace       used 102973K, committed 104192K, reserved 1179648K
  class space    used 13812K, committed 14400K, reserved 1048576K
}
Event: 250.993 GC heap before
{Heap before GC invocations=35 (full 0):
 garbage-first heap   total 226304K, used 187100K [0x0000000085200000, 0x0000000100000000)
  region size 1024K, 105 young (107520K), 4 survivors (4096K)
 Metaspace       used 103060K, committed 104256K, reserved 1179648K
  class space    used 13815K, committed 14400K, reserved 1048576K
}
Event: 250.999 GC heap after
{Heap after GC invocations=36 (full 0):
 garbage-first heap   total 226304K, used 83345K [0x0000000085200000, 0x0000000100000000)
  region size 1024K, 4 young (4096K), 4 survivors (4096K)
 Metaspace       used 103060K, committed 104256K, reserved 1179648K
  class space    used 13815K, committed 14400K, reserved 1048576K
}
Event: 286.441 GC heap before
{Heap before GC invocations=36 (full 0):
 garbage-first heap   total 226304K, used 187793K [0x0000000085200000, 0x0000000100000000)
  region size 1024K, 107 young (109568K), 4 survivors (4096K)
 Metaspace       used 105424K, committed 106688K, reserved 1179648K
  class space    used 14007K, committed 14592K, reserved 1048576K
}
Event: 286.457 GC heap after
{Heap after GC invocations=37 (full 0):
 garbage-first heap   total 226304K, used 84636K [0x0000000085200000, 0x0000000100000000)
  region size 1024K, 5 young (5120K), 5 survivors (5120K)
 Metaspace       used 105424K, committed 106688K, reserved 1179648K
  class space    used 14007K, committed 14592K, reserved 1048576K
}
Event: 339.456 GC heap before
{Heap before GC invocations=37 (full 0):
 garbage-first heap   total 226304K, used 190108K [0x0000000085200000, 0x0000000100000000)
  region size 1024K, 108 young (110592K), 5 survivors (5120K)
 Metaspace       used 105966K, committed 107264K, reserved 1179648K
  class space    used 14030K, committed 14656K, reserved 1048576K
}
Event: 339.461 GC heap after
{Heap after GC invocations=38 (full 0):
 garbage-first heap   total 226304K, used 84222K [0x0000000085200000, 0x0000000100000000)
  region size 1024K, 4 young (4096K), 4 survivors (4096K)
 Metaspace       used 105966K, committed 107264K, reserved 1179648K
  class space    used 14030K, committed 14656K, reserved 1048576K
}
Event: 444.853 GC heap before
{Heap before GC invocations=38 (full 0):
 garbage-first heap   total 226304K, used 192766K [0x0000000085200000, 0x0000000100000000)
  region size 1024K, 110 young (112640K), 4 survivors (4096K)
 Metaspace       used 105970K, committed 107264K, reserved 1179648K
  class space    used 14030K, committed 14656K, reserved 1048576K
}
Event: 444.864 GC heap after
{Heap after GC invocations=39 (full 0):
 garbage-first heap   total 226304K, used 84040K [0x0000000085200000, 0x0000000100000000)
  region size 1024K, 4 young (4096K), 4 survivors (4096K)
 Metaspace       used 105970K, committed 107264K, reserved 1179648K
  class space    used 14030K, committed 14656K, reserved 1048576K
}

